<?xml version="1.0" encoding="UTF-8"?>
<!-- Generated by org.testng.reporters.JUnitXMLReporter -->
<testsuite hostname="ameera-jayakumar-m" ignored="0" name="Add Customer Test" tests="7" failures="0" timestamp="02 Oct 2020 12:39:53 GMT" time="1.677" errors="0">
  <testcase name="addCustomerTest" time="0.319" classname="com.luna.testcases.AddCustomerTest"/>
  <testcase name="addCustomerTest" time="0.334" classname="com.luna.testcases.AddCustomerTest"/>
  <testcase name="addCustomerTest" time="0.348" classname="com.luna.testcases.AddCustomerTest"/>
  <testcase name="addCustomerTest" time="0.001" classname="com.luna.testcases.AddCustomerTest">
    <skipped/>
  </testcase> <!-- addCustomerTest -->
  <testcase name="addCustomerTest" time="0.333" classname="com.luna.testcases.AddCustomerTest"/>
  <testcase name="addCustomerTest" time="0.001" classname="com.luna.testcases.AddCustomerTest">
    <skipped/>
  </testcase> <!-- addCustomerTest -->
  <testcase name="addCustomerTest" time="0.331" classname="com.luna.testcases.AddCustomerTest"/>
</testsuite> <!-- Add Customer Test -->
