<?xml version="1.0" encoding="UTF-8"?>
<!-- Generated by org.testng.reporters.JUnitXMLReporter -->
<testsuite hostname="ameera-jayakumar-m" ignored="0" name="Add Customer Test" tests="7" failures="7" timestamp="22 Sep 2020 16:49:12 GMT" time="5.32" errors="0">
  <testcase name="addCustomer" time="0.524" classname="com.luna.testcases.AddCustomerTest">
    <failure type="java.lang.AssertionError" message="everytime::">
      <![CDATA[java.lang.AssertionError: everytime::
at com.luna.testcases.AddCustomerTest.addCustomer(AddCustomerTest.java:28)
... Removed 26 stack frames]]>
    </failure>
  </testcase> <!-- addCustomer -->
  <testcase name="addCustomer" time="0.208" classname="com.luna.testcases.AddCustomerTest">
    <failure type="java.lang.AssertionError" message="everytime::">
      <![CDATA[java.lang.AssertionError: everytime::
at com.luna.testcases.AddCustomerTest.addCustomer(AddCustomerTest.java:28)
... Removed 26 stack frames]]>
    </failure>
  </testcase> <!-- addCustomer -->
  <testcase name="addCustomer" time="0.193" classname="com.luna.testcases.AddCustomerTest">
    <failure type="java.lang.AssertionError" message="everytime::">
      <![CDATA[java.lang.AssertionError: everytime::
at com.luna.testcases.AddCustomerTest.addCustomer(AddCustomerTest.java:28)
... Removed 26 stack frames]]>
    </failure>
  </testcase> <!-- addCustomer -->
  <testcase name="addCustomer" time="0.19" classname="com.luna.testcases.AddCustomerTest">
    <failure type="java.lang.AssertionError" message="everytime::">
      <![CDATA[java.lang.AssertionError: everytime::
at com.luna.testcases.AddCustomerTest.addCustomer(AddCustomerTest.java:28)
... Removed 26 stack frames]]>
    </failure>
  </testcase> <!-- addCustomer -->
  <testcase name="addCustomer" time="0.205" classname="com.luna.testcases.AddCustomerTest">
    <failure type="java.lang.AssertionError" message="everytime::">
      <![CDATA[java.lang.AssertionError: everytime::
at com.luna.testcases.AddCustomerTest.addCustomer(AddCustomerTest.java:28)
... Removed 26 stack frames]]>
    </failure>
  </testcase> <!-- addCustomer -->
  <testcase name="addCustomer" time="0.191" classname="com.luna.testcases.AddCustomerTest">
    <failure type="java.lang.AssertionError" message="everytime::">
      <![CDATA[java.lang.AssertionError: everytime::
at com.luna.testcases.AddCustomerTest.addCustomer(AddCustomerTest.java:28)
... Removed 26 stack frames]]>
    </failure>
  </testcase> <!-- addCustomer -->
  <testcase name="addCustomer" time="0.19" classname="com.luna.testcases.AddCustomerTest">
    <failure type="java.lang.AssertionError" message="everytime::">
      <![CDATA[java.lang.AssertionError: everytime::
at com.luna.testcases.AddCustomerTest.addCustomer(AddCustomerTest.java:28)
... Removed 26 stack frames]]>
    </failure>
  </testcase> <!-- addCustomer -->
</testsuite> <!-- Add Customer Test -->
