<?xml version="1.0" encoding="UTF-8"?>
<!-- Generated by org.testng.reporters.JUnitXMLReporter -->
<testsuite hostname="ameera-jayakumar-m" ignored="0" name="Bank Manager Login Test" tests="1" failures="1" timestamp="22 Sep 2020 16:49:07 GMT" time="5.618" errors="0">
  <testcase name="loginAsBankManager" time="5.078" classname="com.luna.testcases.BankManagerLoginTest">
    <failure type="java.lang.AssertionError" message="Ayyoo testing!">
      <![CDATA[java.lang.AssertionError: Ayyoo testing!
at com.luna.testcases.BankManagerLoginTest.loginAsBankManager(BankManagerLoginTest.java:20)
... Removed 26 stack frames]]>
    </failure>
  </testcase> <!-- loginAsBankManager -->
</testsuite> <!-- Bank Manager Login Test -->
