<?xml version="1.0" encoding="UTF-8" ?>
<testsuite tests="15" failures="0" name="TestSuite" time="9.607" errors="0" skipped="9">
  <properties>
[...]
</properties>
  <testcase classname="com.luna.testcases.BankManagerLoginTest" name="bankManagerLoginTest" time="5.394"/>
  <testcase classname="com.luna.testcases.AddCustomerTest" name="addCustomerTest" time="0.318"/>
  <testcase classname="com.luna.testcases.AddCustomerTest" name="addCustomerTest" time="0.334"/>
  <testcase classname="com.luna.testcases.AddCustomerTest" name="addCustomerTest" time="0.348"/>
  <testcase classname="com.luna.testcases.AddCustomerTest" name="addCustomerTest" time="0">
    <skipped/>
  </testcase>
  <testcase classname="com.luna.testcases.AddCustomerTest" name="addCustomerTest" time="0.332"/>
  <testcase classname="com.luna.testcases.AddCustomerTest" name="addCustomerTest" time="0">
    <skipped/>
  </testcase>
  <testcase classname="com.luna.testcases.AddCustomerTest" name="addCustomerTest" time="0.332"/>
  <testcase classname="com.luna.testcases.OpenAccountTest" name="openAccountTest" time="0.362">
    <skipped/>
  </testcase>
  <testcase classname="com.luna.testcases.OpenAccountTest" name="openAccountTest" time="0.363">
    <skipped/>
  </testcase>
  <testcase classname="com.luna.testcases.OpenAccountTest" name="openAccountTest" time="0.364">
    <skipped/>
  </testcase>
  <testcase classname="com.luna.testcases.OpenAccountTest" name="openAccountTest" time="0.364">
    <skipped/>
  </testcase>
  <testcase classname="com.luna.testcases.OpenAccountTest" name="openAccountTest" time="0.365">
    <skipped/>
  </testcase>
  <testcase classname="com.luna.testcases.OpenAccountTest" name="openAccountTest" time="0.365">
    <skipped/>
  </testcase>
  <testcase classname="com.luna.testcases.OpenAccountTest" name="openAccountTest" time="0.366">
    <skipped/>
  </testcase>
</testsuite>