<?xml version="1.0" encoding="UTF-8"?>
<testsuite name="Add Customer Test"
           tests="7"
           failures="0"
           errors="0"
           skipped="2"
           time="1.667">
  <properties />
  
            <testcase name="addCustomerTest" time="0.0" classname="com.luna.testcases.AddCustomerTest">
          <skipped />
    </testcase>
            <testcase name="addCustomerTest" time="0.0" classname="com.luna.testcases.AddCustomerTest">
          <skipped />
    </testcase>
  
            <testcase name="addCustomerTest" time="0.334" classname="com.luna.testcases.AddCustomerTest" />
                <testcase name="addCustomerTest" time="0.319" classname="com.luna.testcases.AddCustomerTest" />
                <testcase name="addCustomerTest" time="0.333" classname="com.luna.testcases.AddCustomerTest" />
                <testcase name="addCustomerTest" time="0.331" classname="com.luna.testcases.AddCustomerTest" />
                <testcase name="addCustomerTest" time="0.348" classname="com.luna.testcases.AddCustomerTest" />
      
</testsuite>
